749
0 182
108 424
147 511
175 582
188 590
129 469
133 478
171 573
47 262
200 603
8 195
153 524
150 513
26 224
168 566
18 215
53 280
172 578
246 636
263 664
134 482
151 518
27 227
223 619
20 221
102 414
236 630
15 207
297 689
131 475
115 432
91 388
71 344
93 392
270 670
52 271
226 622
310 698
321 700
359 744
259 661
335 711
365 750
324 703
306 696
198 600
252 653
155 527
372 758
214 612
169 571
123 454
345 731
413 806
409 801
162 552
231 625
76 355
101 410
422 817
2 185
114 427
447 841
394 783
343 721
375 760
407 798
464 862
401 794
434 833
459 858
476 881
218 617
339 717
415 810
470 872
146 503
501 903
466 868
82 371
494 897
137 487
67 336
285 676
517 915
525 928
124 458
481 883
398 789
330 709
562 957
403 796
528 930
521 918
61 318
438 835
65 327
68 338
291 685
452 847
579 979
51 269
490 892
548 949
386 773
586 988
534 934
249 643
99 408
36 244
553 953
631 967
143 495
37 248
337 715
633 961
635 958
601 996
46 257
595 995
657 947
368 752
581 981
568 965
72 350
662 941
607 993
628 973
572 968
382 763
577 974
705 894
665 937
637 956
256 659
243 634
720 879
545 946
30 234
686 912
716 882
97 405
749 861
753 853
428 828
675 927
710 891
770 834
740 866
160 544
624 977
668 932
697 904
774 832
609 990
289 683
161 547
800 805
11
13
152 522
793 816
765 837
695 910
22
9
726 873
23
564 960
19
117 443
795 813
144 498
735 871
38
183 587
57 295
543 943
455 856
788 818
45
14
43
173 580
191 598
88 385
384 769
29
50
156 529
25
77
797 808
759 846
163 558
95 399
28
1
90
660 945
583 984
87
484 885
390 781
83
12 204
130 471
138 492
701 898
81
96 402
69 341
58 304
589 991
48
116 437
684 916
126 461
474 876
39
135
73
16
106
149
125
10 199
537 940
70
154
145
158 542
157 535
59 307
426 824
714 884
620 980
751 857
762 840
266 666
618 982
189
84 373
121
201
202
599 999
205
197
60
89
673 929
140
98
196
100
74
112
216
219
119 449
203
21
159
230
233
239
111
418 814
510 909
444 838
241
66 331
181
254
229
251
109
782 825
240
268
170
41
275
34
272
139
113
32 242
180 585
286
103
615 985
55 290
260
92
40 250
296
166
301
277
261
305
247
255
267
303
313
287
211
258
210
245
148
292
281
228
328
320
326
311
319
238 632
94 395
54 288
44 253
136
315
332
283
334
356
354
302
348
351
357
361
360
128 465
370
352
342
362
364
179
225
80 366
176
279
178
393
300
369
6 190
118 445
325
389
412
411
396
416
387
17
367
165 563
49 264
31 237
206 608
421
85 376
329
347
446
406
440
425
433
64 322
442
78
436
453
512 911
456
681 919
472
473
451
480
222
485
477
479
489
323
493
488
497
483
457
463
468
502
499
507
430
333
504
491
284
520
516
265
462
86 383
35
460
533
353 737
539
508
546
404
550
429
506
132
276
554
559
531
381
555
561
509
557
570
551
273 674
104 417
567
536
309
441
594
576
560
514
604
596
606
597
569
526
614
7
616
75
626
314
4
588
629
549
638
120
623
397
611
641
645
208
644
627
602
650
565
649
655
584
648
592
540
610
652
5
105 419
423
679
654
646
680
642
538
647
500
692
702
687
669
519
235
541
651 952
678
718
724
725
593
400
728
730
672
733
706
723
532
682
732
742
713
663
743
746
729
747
719
704
174
212
688
756
766
217
127
764
741
755
184
768
777
209
779
772
530
754
298
745
757
791
771
803
312
792
787
761
24
807
574
815
467
194
820
677
802
575
826
739
523 920
831
836
821
830
845
712
431
790
842
727
613
812
850
784
860
855
863
867
767
823
844
852
870
799
167
878
829
880
889
736
316
776
671
896
887
869
864
865
827
804
913
886
708
906
775
921
809
658
819
778
340
923
556
908
391
924
914
877
890
899
954
939
936
951
358
962
969
851
964
605
972
970
938
935
975
905
931
971
699 902
859
922
994
193
944
942
976
917
998
997
378
989
933
848
950
907
785
496 901
987
986
948
839
926
978
722
854
694
925
992
888
966
983
349
786
738
707
299
955
780
187
963
435
900
293
875
874
843
822
142
959
515
164
3
667
691
486
690
220
895
591
450
639
849
693
656
621
213
62
377
374
893
439
63
505
278
734
811
420
274
748
640
448
107
380
379
346
317
232
308
294
186
282
192
177
141
122
110
56
42
33
